2025-06-22 11:31:46,259 - backend.utils.db - INFO - Database initialized successfully
2025-06-22 11:42:52,499 - backend.utils.db - INFO - Database initialized successfully
2025-06-22 11:46:30,447 - backend.utils.db - INFO - Database initialized successfully
2025-06-22 11:46:35,807 - backend.api.scryfall_client - INFO - Downloading bulk data from https://data.scryfall.io/default-cards/default-cards-20250622091021.json
2025-06-22 11:46:42,066 - backend.api.scryfall_client - INFO - Bulk data saved to assets/cache\bulk_default_cards.json
2025-06-22 11:46:42,066 - backend.api.scryfall_client - INFO - Parsing bulk data file: assets/cache\bulk_default_cards.json
2025-06-22 11:46:48,204 - backend.api.scryfall_client - INFO - Processing 107744 cards...
2025-06-22 11:47:34,562 - backend.api.scryfall_client - INFO - Saved 285080 cards to cache
2025-06-22 11:47:34,562 - backend.api.scryfall_client - INFO - Successfully processed 107744 cards
2025-06-22 11:59:07,668 - backend.utils.db - INFO - Database initialized successfully
2025-06-22 11:59:31,041 - backend.api.scryfall_client - INFO - Loaded 285080 cards from cache
2025-06-22 11:59:59,123 - backend.api.scryfall_client - INFO - Loaded 285080 cards from cache
2025-06-22 12:01:11,727 - backend.data.inventory - INFO - Added 1x act of heroism to inventory
2025-06-22 12:02:24,522 - backend.api.scryfall_client - INFO - Loaded 285080 cards from cache
2025-06-22 12:03:23,600 - backend.api.scryfall_client - INFO - Loaded 285080 cards from cache
2025-06-22 12:03:23,831 - backend.utils.csv_handler - INFO - Exported 1 cards to C:/Users/jayal/Downloads/Testmtg.csv
2025-06-22 12:08:06,497 - backend.api.scryfall_client - INFO - Loaded 285080 cards from cache
2025-06-22 12:08:59,998 - backend.api.scryfall_client - INFO - Loaded 285080 cards from cache
2025-06-22 12:11:25,639 - backend.api.scryfall_client - INFO - Loaded 285080 cards from cache
2025-06-22 12:12:12,582 - backend.api.scryfall_client - INFO - Loaded 285080 cards from cache
2025-06-22 12:13:02,816 - backend.api.scryfall_client - INFO - Loaded 285080 cards from cache
2025-06-22 12:13:52,660 - backend.api.scryfall_client - INFO - Loaded 285080 cards from cache
2025-06-22 12:33:24,632 - backend.utils.db - INFO - Database initialized successfully
2025-06-22 12:33:49,517 - backend.api.scryfall_client - INFO - Loaded 285080 cards from cache
2025-06-22 12:34:12,730 - backend.api.scryfall_client - INFO - Loaded 285080 cards from cache
2025-06-22 12:34:48,034 - backend.api.scryfall_client - INFO - Loaded 285080 cards from cache
2025-06-22 12:35:27,917 - backend.api.scryfall_client - INFO - Loaded 285080 cards from cache
2025-06-22 12:36:45,649 - backend.utils.db - INFO - Database initialized successfully
2025-06-22 12:37:07,191 - backend.api.scryfall_client - INFO - Loaded 285080 cards from cache
2025-06-22 12:37:26,949 - backend.api.scryfall_client - INFO - Loaded 285080 cards from cache
2025-06-22 12:37:53,164 - backend.api.scryfall_client - INFO - Loaded 285080 cards from cache
2025-06-22 12:38:29,032 - backend.api.scryfall_client - INFO - Loaded 285080 cards from cache
2025-06-22 12:40:33,287 - backend.utils.csv_handler - INFO - Starting CSV import from C:/Users/jayal/Downloads/Testmtgimport.csv
2025-06-22 12:40:33,301 - backend.utils.csv_handler - INFO - Processing 1 rows from CSV
2025-06-22 12:40:33,367 - backend.utils.csv_handler - INFO - CSV import completed: 1 imported, 0 skipped, 0 errors
2025-06-22 13:06:40,957 - backend.utils.db - INFO - Database initialized successfully
2025-06-22 13:07:02,685 - backend.api.scryfall_client - INFO - Loaded 285080 cards from cache
2025-06-22 13:07:24,404 - backend.api.scryfall_client - INFO - Loaded 285080 cards from cache
2025-06-22 13:08:01,955 - backend.api.scryfall_client - INFO - Loaded 285080 cards from cache
2025-06-22 13:08:47,350 - backend.api.scryfall_client - INFO - Loaded 285080 cards from cache
2025-06-22 13:11:44,875 - backend.utils.db - INFO - Database initialized successfully
2025-06-22 13:12:09,899 - backend.api.scryfall_client - INFO - Loaded 285080 cards from cache
2025-06-22 13:12:36,189 - backend.api.scryfall_client - INFO - Loaded 285080 cards from cache
2025-06-22 13:13:15,254 - backend.api.scryfall_client - INFO - Loaded 285080 cards from cache
2025-06-22 13:14:08,174 - backend.api.scryfall_client - INFO - Loaded 285080 cards from cache
2025-06-22 13:14:18,379 - backend.data.inventory - INFO - Updated inventory item 2
2025-06-22 13:14:18,409 - frontend.gui - INFO - Inventory item saved
2025-06-22 13:14:24,401 - backend.data.inventory - INFO - Updated inventory item 2
2025-06-22 13:14:24,433 - frontend.gui - INFO - Inventory item saved
2025-06-22 13:14:52,102 - backend.data.inventory - INFO - Updated inventory item 1
2025-06-22 13:14:52,126 - frontend.gui - INFO - Inventory item saved
2025-06-22 13:14:57,649 - backend.data.inventory - INFO - Updated inventory item 1
2025-06-22 13:14:57,683 - frontend.gui - INFO - Inventory item saved
2025-06-22 13:24:01,710 - backend.utils.db - INFO - Database initialized successfully
2025-06-22 13:24:23,370 - backend.api.scryfall_client - INFO - Loaded 285080 cards from cache
2025-06-22 13:24:44,652 - backend.api.scryfall_client - INFO - Loaded 285080 cards from cache
2025-06-22 13:25:15,647 - backend.api.scryfall_client - INFO - Loaded 285080 cards from cache
2025-06-22 13:26:13,923 - backend.api.scryfall_client - INFO - Loaded 285080 cards from cache
2025-06-22 13:26:45,824 - backend.api.scryfall_client - ERROR - API request failed: 404 Client Error: Not Found for url: https://api.scryfall.com/cards/named?fuzzy=aven
2025-06-22 13:26:45,824 - backend.decks.deck_builder - ERROR - Card 'aven' not found
2025-06-22 13:31:44,828 - backend.utils.db - INFO - Database initialized successfully
2025-06-22 13:32:18,825 - backend.api.scryfall_client - INFO - Loaded 285080 cards from cache
2025-06-22 13:32:52,337 - backend.api.scryfall_client - INFO - Loaded 285080 cards from cache
2025-06-22 13:33:31,683 - backend.api.scryfall_client - INFO - Loaded 285080 cards from cache
2025-06-22 13:34:21,285 - backend.api.scryfall_client - INFO - Loaded 285080 cards from cache
2025-06-22 13:34:31,794 - backend.decks.deck_builder - INFO - Renamed deck 1 to 'Test10'
2025-06-22 13:34:31,825 - frontend.gui - INFO - Deck renamed to 'Test10'
2025-06-22 13:34:45,343 - backend.decks.deck_builder - INFO - Copied deck 1 to new deck 2 with 0 cards
2025-06-22 13:34:45,376 - frontend.gui - INFO - Deck copied to 'Test12'
2025-06-22 13:34:57,830 - backend.decks.deck_builder - INFO - Deleted deck 2 and all its cards
2025-06-22 13:34:57,865 - frontend.gui - INFO - Deck 'Test12' deleted
2025-06-22 13:53:17,104 - __main__ - INFO - Starting MTG Collection Manager...
2025-06-22 13:53:17,104 - backend.utils.db - INFO - Database initialized successfully
2025-06-22 13:53:17,104 - __main__ - INFO - Initializing card database cache...
2025-06-22 13:53:40,592 - backend.api.scryfall_client - INFO - Loaded 285080 cards from cache
2025-06-22 13:53:40,592 - backend.api.scryfall_client - INFO - Created new ScryfallClient singleton instance
2025-06-22 13:53:40,592 - __main__ - INFO - Card database cache ready
2025-06-22 13:53:41,428 - frontend.gui - INFO - Shared ScryfallClient instance created
2025-06-22 13:53:41,498 - __main__ - INFO - Application startup complete
2025-06-22 13:53:58,821 - backend.utils.csv_handler - INFO - Starting CSV import from C:/Users/jayal/Downloads/Testmtgimport.csv
2025-06-22 13:53:58,822 - backend.utils.csv_handler - INFO - Processing 1 rows from CSV
2025-06-22 13:53:58,831 - backend.utils.csv_handler - ERROR - Error processing row 2: UNIQUE constraint failed: cards.oracle_id, cards.set_code, cards.collector_number
2025-06-22 13:53:58,831 - backend.utils.csv_handler - INFO - CSV import completed: 0 imported, 0 skipped, 1 errors
2025-06-22 14:03:31,625 - __main__ - INFO - Starting MTG Collection Manager...
2025-06-22 14:03:31,625 - backend.utils.db - INFO - Database initialized successfully
2025-06-22 14:03:31,625 - __main__ - INFO - Initializing card database cache...
2025-06-22 14:03:55,478 - backend.api.scryfall_client - INFO - Loaded 285080 cards from cache
2025-06-22 14:03:55,478 - backend.api.scryfall_client - INFO - Created new ScryfallClient singleton instance
2025-06-22 14:03:55,479 - __main__ - INFO - Card database cache ready
2025-06-22 14:03:55,600 - frontend.gui - INFO - Shared ScryfallClient instance created
2025-06-22 14:04:00,772 - __main__ - INFO - Application startup complete
2025-06-22 14:08:43,090 - __main__ - INFO - Starting MTG Collection Manager...
2025-06-22 14:08:43,090 - backend.utils.db - INFO - Database initialized successfully
2025-06-22 14:08:43,106 - __main__ - INFO - Initializing card database cache...
2025-06-22 14:09:02,739 - backend.api.scryfall_client - INFO - Loaded 285080 cards from cache
2025-06-22 14:09:02,739 - backend.api.scryfall_client - INFO - Created new ScryfallClient singleton instance
2025-06-22 14:09:02,739 - __main__ - INFO - Card database cache ready
2025-06-22 14:09:02,795 - frontend.gui - INFO - Shared ScryfallClient instance created
2025-06-22 14:09:11,927 - __main__ - INFO - Application startup complete
2025-06-22 14:14:52,771 - __main__ - INFO - Starting MTG Collection Manager...
2025-06-22 14:14:52,771 - backend.utils.db - INFO - Database initialized successfully
2025-06-22 14:14:52,771 - __main__ - INFO - Initializing card database cache...
2025-06-22 14:15:12,803 - backend.api.scryfall_client - INFO - Loaded 285080 cards from cache
2025-06-22 14:15:12,803 - backend.api.scryfall_client - INFO - Created new ScryfallClient singleton instance
2025-06-22 14:15:12,803 - __main__ - INFO - Card database cache ready
2025-06-22 14:15:12,972 - frontend.gui - INFO - Shared ScryfallClient instance created
2025-06-22 14:15:13,011 - __main__ - INFO - Application startup complete
2025-06-22 14:15:33,854 - backend.utils.csv_handler - INFO - Starting CSV import from C:/Users/jayal/Downloads/Testmtgimport.csv
2025-06-22 14:15:33,856 - backend.utils.csv_handler - INFO - Processing 1 rows from CSV
2025-06-22 14:15:33,856 - backend.utils.csv_handler - WARNING - Row 2: Invalid condition '' for 'Aven Reedstalker'. Defaulting to 'Near Mint'.
2025-06-22 14:15:33,863 - backend.utils.csv_handler - INFO - Row 2: Added 1x 'Aven Reedstalker' to collection 1
2025-06-22 14:15:33,863 - backend.utils.csv_handler - INFO - CSV import completed: 1 imported, 0 skipped, 0 errors
2025-06-22 15:08:19,341 - __main__ - INFO - Starting MTG Collection Manager...
2025-06-22 15:08:19,342 - backend.utils.db - INFO - Database initialized successfully
2025-06-22 15:08:19,343 - __main__ - INFO - Initializing card database cache...
2025-06-22 15:09:00,329 - backend.api.scryfall_client - INFO - Loaded 285080 cards from cache
2025-06-22 15:09:00,331 - backend.api.scryfall_client - INFO - Created new ScryfallClient singleton instance
2025-06-22 15:09:00,331 - __main__ - INFO - Card database cache ready
2025-06-22 15:09:00,544 - frontend.gui - INFO - Shared ScryfallClient instance created
2025-06-22 15:09:05,055 - __main__ - INFO - Application startup complete
2025-06-22 15:10:57,015 - __main__ - INFO - Starting MTG Collection Manager...
2025-06-22 15:10:57,017 - backend.utils.db - INFO - Database initialized successfully
2025-06-22 15:10:57,018 - __main__ - INFO - Initializing card database cache...
2025-06-22 15:11:51,901 - backend.api.scryfall_client - INFO - Loaded 285080 cards from cache
2025-06-22 15:11:51,901 - backend.api.scryfall_client - INFO - Created new ScryfallClient singleton instance
2025-06-22 15:11:51,901 - __main__ - INFO - Card database cache ready
2025-06-22 15:11:53,383 - frontend.gui - INFO - Shared ScryfallClient instance created
2025-06-22 15:11:53,553 - __main__ - INFO - Application startup complete
2025-06-22 15:12:16,332 - backend.data.inventory - INFO - Added 1x aven reedstalker to inventory
2025-06-22 15:42:23,163 - __main__ - INFO - Starting MTG Collection Manager...
2025-06-22 15:42:23,163 - backend.utils.db - INFO - Database initialized successfully
2025-06-22 15:42:23,163 - __main__ - INFO - Initializing card database cache...
2025-06-22 15:42:49,683 - backend.api.scryfall_client - INFO - Loaded 285080 cards from cache
2025-06-22 15:42:49,683 - backend.api.scryfall_client - INFO - Created new ScryfallClient singleton instance
2025-06-22 15:42:49,683 - __main__ - INFO - Card database cache ready
2025-06-22 15:42:49,867 - frontend.gui - INFO - Shared ScryfallClient instance created
2025-06-22 15:42:49,924 - __main__ - INFO - Application startup complete
2025-06-22 15:43:23,473 - backend.decks.deck_builder - INFO - Added 1x aven reedstalker to deck
2025-06-22 15:43:35,825 - backend.decks.deck_builder - INFO - Deleted deck 1 and all its cards
2025-06-22 15:43:35,865 - frontend.gui - INFO - Deck 'Test10' deleted
2025-06-22 15:44:52,757 - backend.utils.csv_handler - INFO - Starting CSV import from C:/Users/jayal/Downloads/Testmtgimport.csv
2025-06-22 15:44:52,759 - backend.utils.csv_handler - INFO - Processing 2 rows from CSV
2025-06-22 15:44:52,760 - backend.utils.csv_handler - WARNING - Row 2: Invalid condition '' for 'Aven Reedstalker'. Defaulting to 'Near Mint'.
2025-06-22 15:44:52,811 - backend.utils.csv_handler - INFO - Row 2: Added 1x 'Aven Reedstalker' to collection 1
2025-06-22 15:44:52,811 - backend.utils.csv_handler - WARNING - Row 3: Invalid condition '' for 'Aven Flock'. Defaulting to 'Near Mint'.
2025-06-22 15:44:52,825 - backend.data.inventory - INFO - Creating new card: Aven Flock (8ed)
2025-06-22 15:44:52,831 - backend.data.inventory - INFO - Created new card with ID: 3
2025-06-22 15:44:52,835 - backend.utils.csv_handler - INFO - Row 3: Added 1x 'Aven Flock' to collection 1
2025-06-22 15:44:52,835 - backend.utils.csv_handler - INFO - CSV import completed: 2 imported, 0 skipped, 0 errors
2025-06-22 15:45:05,115 - backend.data.inventory - INFO - Updated inventory item 6
2025-06-22 15:45:05,157 - frontend.gui - INFO - Inventory item saved
2025-06-22 15:45:53,524 - backend.utils.csv_handler - INFO - Starting CSV import from C:/Users/jayal/Downloads/Testmtgimport.csv
2025-06-22 15:45:53,524 - backend.utils.csv_handler - INFO - Processing 2 rows from CSV
2025-06-22 15:45:53,524 - backend.utils.csv_handler - WARNING - Row 2: Invalid condition '' for 'Aven Reedstalker'. Defaulting to 'Near Mint'.
2025-06-22 15:45:53,565 - backend.utils.csv_handler - INFO - Row 2: Updated 3x 'Aven Reedstalker' (total 4) to collection 1
2025-06-22 15:45:53,565 - backend.utils.csv_handler - WARNING - Row 3: Invalid condition '' for 'Aven Flock'. Defaulting to 'Near Mint'.
2025-06-22 15:45:53,575 - backend.utils.csv_handler - INFO - Row 3: Added 2x 'Aven Flock' to collection 1
2025-06-22 15:45:53,575 - backend.utils.csv_handler - INFO - CSV import completed: 2 imported, 0 skipped, 0 errors
2025-06-22 15:46:34,541 - backend.data.inventory - INFO - Updated inventory item 5
2025-06-22 15:46:34,573 - frontend.gui - INFO - Inventory item saved
2025-06-22 15:47:14,453 - backend.utils.csv_handler - INFO - Starting CSV import from C:/Users/jayal/Downloads/Testmtgimport.csv
2025-06-22 15:47:14,453 - backend.utils.csv_handler - INFO - Processing 2 rows from CSV
2025-06-22 15:47:14,453 - backend.utils.csv_handler - WARNING - Row 3: Invalid condition '' for 'Aven Flock'. Defaulting to 'Near Mint'.
2025-06-22 15:47:14,501 - backend.utils.csv_handler - INFO - Row 3: Updated 1x 'Aven Flock' (total 3) to collection 1
2025-06-22 15:47:14,501 - backend.utils.csv_handler - INFO - CSV import completed: 1 imported, 0 skipped, 1 errors
2025-06-22 15:48:33,666 - backend.utils.csv_handler - INFO - Starting CSV export for collection 1
2025-06-22 15:48:33,666 - backend.utils.csv_handler - INFO - Exporting 3 inventory items
2025-06-22 15:48:33,666 - backend.utils.csv_handler - INFO - Successfully exported 3 cards to C:/Users/jayal/Downloads/testmtg2.csv
2025-06-22 15:51:38,701 - __main__ - INFO - Starting MTG Collection Manager...
2025-06-22 15:51:38,701 - backend.utils.db - INFO - Database initialized successfully
2025-06-22 15:51:38,701 - __main__ - INFO - Initializing card database cache...
2025-06-22 15:52:03,306 - backend.api.scryfall_client - INFO - Loaded 285080 cards from cache
2025-06-22 15:52:03,306 - backend.api.scryfall_client - INFO - Created new ScryfallClient singleton instance
2025-06-22 15:52:03,306 - __main__ - INFO - Card database cache ready
2025-06-22 15:52:03,458 - frontend.gui - INFO - Shared ScryfallClient instance created
2025-06-22 15:52:03,573 - __main__ - INFO - Application startup complete
2025-06-24 17:13:31,477 - __main__ - INFO - Starting MTG Collection Manager...
2025-06-24 17:13:31,488 - backend.utils.db - INFO - Database initialized successfully
2025-06-24 17:13:31,489 - __main__ - INFO - Initializing card database cache...
2025-06-24 17:13:58,274 - backend.api.scryfall_client - INFO - Loaded 285080 cards from cache
2025-06-24 17:13:58,274 - backend.api.scryfall_client - INFO - Created new ScryfallClient singleton instance
2025-06-24 17:13:58,274 - __main__ - INFO - Card database cache ready
2025-06-24 17:13:58,921 - frontend.gui - INFO - Shared ScryfallClient instance created
2025-06-24 17:13:59,014 - backend.utils.image_manager - INFO - ImageManager initialized with cache directory: assets/card_images
2025-06-24 17:13:59,014 - frontend.gui - INFO - Image Manager initialized
2025-06-24 17:13:59,096 - __main__ - INFO - Application startup complete
2025-06-24 17:17:52,808 - __main__ - INFO - Starting MTG Collection Manager...
2025-06-24 17:17:52,808 - backend.utils.db - INFO - Database initialized successfully
2025-06-24 17:17:52,808 - __main__ - INFO - Initializing card database cache...
2025-06-24 17:18:15,904 - backend.api.scryfall_client - INFO - Loaded 285080 cards from cache
2025-06-24 17:18:15,904 - backend.api.scryfall_client - INFO - Created new ScryfallClient singleton instance
2025-06-24 17:18:15,904 - __main__ - INFO - Card database cache ready
2025-06-24 17:18:16,017 - frontend.gui - INFO - Shared ScryfallClient instance created
2025-06-24 17:18:16,046 - backend.utils.image_manager - INFO - ImageManager initialized with cache directory: assets/card_images
2025-06-24 17:18:16,046 - frontend.gui - INFO - Image Manager initialized
2025-06-24 17:18:16,093 - __main__ - INFO - Application startup complete
2025-06-24 17:21:03,611 - backend.data.inventory - INFO - Creating new card: Dregs of Sorrow (c14)
2025-06-24 17:21:03,620 - backend.data.inventory - INFO - Created new card with ID: 4
2025-06-24 17:21:03,627 - backend.data.inventory - INFO - Added 1x Dregs of Sorrow to inventory
2025-06-24 17:30:44,232 - __main__ - INFO - Starting MTG Collection Manager...
2025-06-24 17:30:44,232 - backend.utils.db - INFO - Database initialized successfully
2025-06-24 17:30:44,232 - __main__ - INFO - Initializing card database cache...
2025-06-24 17:31:05,819 - backend.api.scryfall_client - INFO - Loaded 285080 cards from cache
2025-06-24 17:31:05,819 - backend.api.scryfall_client - INFO - Created new ScryfallClient singleton instance
2025-06-24 17:31:05,819 - __main__ - INFO - Card database cache ready
2025-06-24 17:31:05,911 - frontend.gui - INFO - Shared ScryfallClient instance created
2025-06-24 17:31:05,942 - backend.utils.image_manager - INFO - ImageManager initialized with cache directory: assets/card_images
2025-06-24 17:31:05,942 - frontend.gui - INFO - Image Manager initialized
2025-06-24 17:31:05,988 - __main__ - INFO - Application startup complete
2025-06-24 17:32:01,538 - frontend.gui - INFO - Manually refreshing card image
2025-06-24 17:32:38,058 - frontend.gui - INFO - Manually refreshing card image
2025-06-24 17:32:39,122 - frontend.gui - INFO - Manually refreshing card image
2025-06-24 17:35:06,872 - frontend.gui - INFO - Manually refreshing card image
2025-06-24 17:35:07,396 - frontend.gui - INFO - Manually refreshing card image
2025-06-24 17:35:17,115 - frontend.gui - INFO - Manually refreshing card image
2025-06-24 17:35:17,697 - frontend.gui - INFO - Manually refreshing card image
2025-06-24 18:52:14,957 - __main__ - INFO - Starting MTG Collection Manager...
2025-06-24 18:52:14,972 - backend.utils.db - INFO - Database initialized successfully
2025-06-24 18:52:14,972 - __main__ - INFO - Initializing card database cache...
2025-06-24 18:52:38,405 - backend.api.scryfall_client - INFO - Loaded 285080 cards from cache
2025-06-24 18:52:38,409 - backend.api.scryfall_client - INFO - Created new ScryfallClient singleton instance
2025-06-24 18:52:38,409 - __main__ - INFO - Card database cache ready
2025-06-24 18:52:38,816 - frontend.gui - INFO - Shared ScryfallClient instance created
2025-06-24 18:52:38,880 - backend.utils.image_manager - INFO - ImageManager initialized with cache directory: assets/card_images
2025-06-24 18:52:38,880 - frontend.gui - INFO - Image Manager initialized
2025-06-24 18:52:38,958 - __main__ - INFO - Application startup complete
2025-06-24 18:52:56,633 - frontend.gui - INFO - Manually refreshing card image
2025-06-24 18:53:07,499 - frontend.gui - INFO - Testing image download with URL: https://cards.scryfall.io/normal/front/c/1/c1109d26-ab70-4a9a-8a7e-6b2c3a0e3a0e.jpg
2025-06-24 18:53:07,764 - backend.utils.image_manager - ERROR - Failed to download image https://cards.scryfall.io/normal/front/c/1/c1109d26-ab70-4a9a-8a7e-6b2c3a0e3a0e.jpg: 404 Client Error: Not Found for url: https://cards.scryfall.io/normal/front/c/1/c1109d26-ab70-4a9a-8a7e-6b2c3a0e3a0e.jpg
2025-06-24 18:56:20,172 - backend.data.inventory - INFO - Creating new card: Archfiend of Sorrows (mh2)
2025-06-24 18:56:20,178 - backend.data.inventory - INFO - Created new card with ID: 5
2025-06-24 18:56:20,178 - backend.data.inventory - INFO - Added 1x Archfiend of Sorrows to inventory
2025-06-24 19:03:53,517 - __main__ - INFO - Starting MTG Collection Manager...
2025-06-24 19:03:53,517 - backend.utils.db - INFO - Database initialized successfully
2025-06-24 19:03:53,517 - __main__ - INFO - Initializing card database cache...
2025-06-24 19:04:16,452 - backend.api.scryfall_client - INFO - Loaded 285080 cards from cache
2025-06-24 19:04:16,452 - backend.api.scryfall_client - INFO - Created new ScryfallClient singleton instance
2025-06-24 19:04:16,452 - __main__ - INFO - Card database cache ready
2025-06-24 19:04:16,551 - frontend.gui - INFO - Shared ScryfallClient instance created
2025-06-24 19:04:16,589 - backend.utils.image_manager - INFO - ImageManager initialized with cache directory: assets/card_images
2025-06-24 19:04:16,589 - frontend.gui - INFO - Image Manager initialized
2025-06-24 19:04:16,635 - __main__ - INFO - Application startup complete
2025-06-24 19:04:43,279 - frontend.gui - INFO - Manually refreshing card image
2025-06-24 19:05:14,247 - frontend.gui - INFO - Manually refreshing card image
2025-06-24 19:05:17,693 - frontend.gui - INFO - Testing image download with URL: https://cards.scryfall.io/normal/front/c/1/c1109d26-ab70-4a9a-8a7e-6b2c3a0e3a0e.jpg
2025-06-24 19:05:17,794 - backend.utils.image_manager - ERROR - Failed to download image https://cards.scryfall.io/normal/front/c/1/c1109d26-ab70-4a9a-8a7e-6b2c3a0e3a0e.jpg: 404 Client Error: Not Found for url: https://cards.scryfall.io/normal/front/c/1/c1109d26-ab70-4a9a-8a7e-6b2c3a0e3a0e.jpg
2025-06-24 19:06:17,638 - frontend.gui - INFO - Testing image download with URL: https://cards.scryfall.io/normal/front/c/1/c1109d26-ab70-4a9a-8a7e-6b2c3a0e3a0e.jpg
2025-06-24 19:06:17,813 - backend.utils.image_manager - ERROR - Failed to download image https://cards.scryfall.io/normal/front/c/1/c1109d26-ab70-4a9a-8a7e-6b2c3a0e3a0e.jpg: 404 Client Error: Not Found for url: https://cards.scryfall.io/normal/front/c/1/c1109d26-ab70-4a9a-8a7e-6b2c3a0e3a0e.jpg
2025-06-24 19:13:17,847 - __main__ - INFO - Starting MTG Collection Manager...
2025-06-24 19:13:17,847 - backend.utils.db - INFO - Database initialized successfully
2025-06-24 19:13:17,847 - __main__ - INFO - Initializing card database cache...
2025-06-24 19:13:39,674 - backend.api.scryfall_client - INFO - Loaded 285080 cards from cache
2025-06-24 19:13:39,674 - backend.api.scryfall_client - INFO - Created new ScryfallClient singleton instance
2025-06-24 19:13:39,674 - __main__ - INFO - Card database cache ready
2025-06-24 19:13:39,812 - frontend.gui - INFO - Shared ScryfallClient instance created
2025-06-24 19:13:39,850 - backend.utils.image_manager - INFO - ImageManager initialized with cache directory: assets/card_images
2025-06-24 19:13:39,850 - frontend.gui - INFO - Image Manager initialized
2025-06-24 19:13:39,928 - __main__ - INFO - Application startup complete
2025-06-24 19:13:52,576 - frontend.gui - INFO - Manually refreshing card image
2025-06-24 19:14:22,780 - frontend.gui - INFO - Manually refreshing card image
2025-06-24 19:14:43,889 - frontend.gui - INFO - Testing image download with URL: https://cards.scryfall.io/normal/front/c/1/c1109d26-ab70-4a9a-8a7e-6b2c3a0e3a0e.jpg
2025-06-24 19:14:44,044 - backend.utils.image_manager - ERROR - Failed to download image https://cards.scryfall.io/normal/front/c/1/c1109d26-ab70-4a9a-8a7e-6b2c3a0e3a0e.jpg: 404 Client Error: Not Found for url: https://cards.scryfall.io/normal/front/c/1/c1109d26-ab70-4a9a-8a7e-6b2c3a0e3a0e.jpg
2025-06-24 19:15:38,461 - backend.decks.deck_builder - INFO - Added 1x archfiend of sorrows to deck
2025-06-24 19:17:28,651 - backend.data.inventory - INFO - Added 1x Archfiend of Sorrows to inventory
2025-06-24 19:24:35,022 - __main__ - INFO - Starting MTG Collection Manager...
2025-06-24 19:24:35,022 - backend.utils.db - INFO - Database initialized successfully
2025-06-24 19:24:35,022 - __main__ - INFO - Initializing card database cache...
2025-06-24 19:24:55,837 - backend.api.scryfall_client - INFO - Loaded 285080 cards from cache
2025-06-24 19:24:55,837 - backend.api.scryfall_client - INFO - Created new ScryfallClient singleton instance
2025-06-24 19:24:55,837 - __main__ - INFO - Card database cache ready
2025-06-24 19:24:55,933 - frontend.gui - INFO - Shared ScryfallClient instance created
2025-06-24 19:24:55,966 - backend.utils.image_manager - INFO - ImageManager initialized with cache directory: assets/card_images
2025-06-24 19:24:55,966 - frontend.gui - INFO - Image Manager initialized
2025-06-24 19:24:56,014 - __main__ - INFO - Application startup complete
2025-06-24 19:27:12,128 - __main__ - INFO - Starting MTG Collection Manager...
2025-06-24 19:27:12,128 - backend.utils.db - INFO - Database initialized successfully
2025-06-24 19:27:12,128 - __main__ - INFO - Initializing card database cache...
2025-06-24 19:27:31,652 - backend.api.scryfall_client - INFO - Loaded 285080 cards from cache
2025-06-24 19:27:31,652 - backend.api.scryfall_client - INFO - Created new ScryfallClient singleton instance
2025-06-24 19:27:31,652 - __main__ - INFO - Card database cache ready
2025-06-24 19:27:31,772 - frontend.gui - INFO - Shared ScryfallClient instance created
2025-06-24 19:27:31,811 - backend.utils.image_manager - INFO - ImageManager initialized with cache directory: assets/card_images
2025-06-24 19:27:31,811 - frontend.gui - INFO - Image Manager initialized
2025-06-24 19:27:31,868 - __main__ - INFO - Application startup complete
2025-06-24 19:57:02,193 - __main__ - INFO - Starting MTG Collection Manager...
2025-06-24 19:57:02,193 - backend.utils.db - INFO - Database initialized successfully
2025-06-24 19:57:02,193 - __main__ - INFO - Initializing card database cache...
2025-06-24 19:57:31,485 - backend.api.scryfall_client - INFO - Loaded 285080 cards from cache
2025-06-24 19:57:31,486 - backend.api.scryfall_client - INFO - Created new ScryfallClient singleton instance
2025-06-24 19:57:31,486 - __main__ - INFO - Card database cache ready
2025-06-24 19:57:31,600 - frontend.gui - INFO - Shared ScryfallClient instance created
2025-06-24 19:57:31,696 - backend.utils.image_manager - INFO - ImageManager initialized with cache directory: assets/card_images
2025-06-24 19:57:31,697 - frontend.gui - INFO - Image Manager initialized
2025-06-24 19:57:31,764 - __main__ - INFO - Application startup complete
2025-06-24 19:58:58,536 - __main__ - INFO - Starting MTG Collection Manager...
2025-06-24 19:58:58,536 - backend.utils.db - INFO - Database initialized successfully
2025-06-24 19:58:58,536 - __main__ - INFO - Initializing card database cache...
2025-06-24 19:59:21,990 - backend.api.scryfall_client - INFO - Loaded 285080 cards from cache
2025-06-24 19:59:21,990 - backend.api.scryfall_client - INFO - Created new ScryfallClient singleton instance
2025-06-24 19:59:21,990 - __main__ - INFO - Card database cache ready
2025-06-24 19:59:22,038 - frontend.gui - INFO - Shared ScryfallClient instance created
2025-06-24 19:59:22,069 - backend.utils.image_manager - INFO - ImageManager initialized with cache directory: assets/card_images
2025-06-24 19:59:22,069 - frontend.gui - INFO - Image Manager initialized
2025-06-24 19:59:22,101 - __main__ - INFO - Application startup complete
2025-06-24 20:02:52,145 - backend.utils.csv_handler - INFO - Starting CSV export for collection 1
2025-06-24 20:02:52,145 - backend.utils.csv_handler - INFO - Exporting 4 inventory items
2025-06-24 20:02:52,145 - backend.utils.csv_handler - INFO - Successfully exported 4 cards to C:/Users/jayal/Downloads/test3.csv
2025-06-24 20:04:06,579 - backend.decks.deck_builder - INFO - Added 1x Aven Reedstalker to deck
2025-06-24 20:04:06,620 - frontend.gui - INFO - Card added to deck successfully
2025-06-25 16:52:09,945 - __main__ - INFO - Starting MTG Collection Manager...
2025-06-25 16:52:09,945 - backend.utils.db - INFO - Database initialized successfully
2025-06-25 16:52:09,945 - __main__ - INFO - Initializing card database cache...
2025-06-25 16:52:31,279 - backend.api.scryfall_client - INFO - Loaded 285080 cards from cache
2025-06-25 16:52:31,279 - backend.api.scryfall_client - INFO - Created new ScryfallClient singleton instance
2025-06-25 16:52:31,279 - __main__ - INFO - Card database cache ready
2025-06-25 16:52:31,905 - frontend.gui - INFO - Shared ScryfallClient instance created
2025-06-25 16:52:31,967 - backend.utils.image_manager - INFO - ImageManager initialized with cache directory: assets/card_images
2025-06-25 16:52:31,967 - frontend.gui - INFO - Image Manager initialized
2025-06-25 16:52:32,061 - __main__ - INFO - Application startup complete
2025-06-25 17:10:51,734 - __main__ - INFO - Starting MTG Collection Manager...
2025-06-25 17:10:51,734 - backend.utils.db - INFO - Database initialized successfully
2025-06-25 17:10:51,734 - __main__ - INFO - Initializing card database cache...
2025-06-25 17:11:12,106 - backend.api.scryfall_client - INFO - Loaded 285080 cards from cache
2025-06-25 17:11:12,106 - backend.api.scryfall_client - INFO - Created new ScryfallClient singleton instance
2025-06-25 17:11:12,106 - __main__ - INFO - Card database cache ready
2025-06-25 17:11:12,188 - frontend.gui - INFO - Shared ScryfallClient instance created
2025-06-25 17:11:12,249 - backend.utils.image_manager - INFO - ImageManager initialized with cache directory: assets/card_images
2025-06-25 17:11:12,249 - frontend.gui - INFO - Image Manager initialized
2025-06-25 17:11:12,338 - __main__ - INFO - Application startup complete
2025-06-25 17:15:26,642 - __main__ - INFO - Starting MTG Collection Manager...
2025-06-25 17:15:26,642 - backend.utils.db - INFO - Database initialized successfully
2025-06-25 17:15:26,642 - __main__ - INFO - Initializing card database cache...
2025-06-25 17:15:47,192 - backend.api.scryfall_client - INFO - Loaded 285080 cards from cache
2025-06-25 17:15:47,192 - backend.api.scryfall_client - INFO - Created new ScryfallClient singleton instance
2025-06-25 17:15:47,192 - __main__ - INFO - Card database cache ready
2025-06-25 17:15:47,288 - frontend.gui - INFO - Shared ScryfallClient instance created
2025-06-25 17:15:47,327 - backend.utils.image_manager - INFO - ImageManager initialized with cache directory: assets/card_images
2025-06-25 17:15:47,327 - frontend.gui - INFO - Image Manager initialized
2025-06-25 17:15:47,375 - __main__ - INFO - Application startup complete
2025-06-25 17:16:05,427 - backend.decks.deck_builder - INFO - Updated deck card 3
2025-06-25 17:16:05,460 - frontend.gui - INFO - Card moved between sections successfully
2025-06-25 17:16:14,297 - backend.decks.deck_builder - INFO - Updated deck card 3
2025-06-25 17:16:14,331 - frontend.gui - INFO - Card moved between sections successfully
2025-06-25 17:16:30,133 - backend.decks.deck_builder - INFO - Updated deck card 3
2025-06-25 17:16:30,160 - frontend.gui - INFO - Card moved between sections successfully
2025-06-25 17:16:44,173 - backend.decks.deck_builder - INFO - Updated deck card 3
2025-06-25 17:16:44,196 - frontend.gui - INFO - Deck card saved
2025-06-25 17:16:50,874 - backend.decks.deck_builder - INFO - Updated deck card 3
2025-06-25 17:16:50,882 - backend.decks.deck_builder - INFO - Added 1x Aven Reedstalker to deck
2025-06-25 17:16:50,915 - frontend.gui - INFO - Card moved between sections successfully
2025-06-25 17:17:05,942 - backend.decks.deck_builder - INFO - Added 2x Aven Reedstalker to deck
2025-06-25 17:17:05,963 - frontend.gui - INFO - Card moved between sections successfully
2025-06-25 17:17:45,097 - frontend.gui - INFO - Manually refreshing card image
2025-06-25 17:17:46,762 - frontend.gui - INFO - Manually refreshing card image
2025-06-25 17:18:03,120 - frontend.gui - INFO - Testing image download with URL: https://cards.scryfall.io/normal/front/c/1/c1109d26-ab70-4a9a-8a7e-6b2c3a0e3a0e.jpg
2025-06-25 17:18:03,296 - backend.utils.image_manager - ERROR - Failed to download image https://cards.scryfall.io/normal/front/c/1/c1109d26-ab70-4a9a-8a7e-6b2c3a0e3a0e.jpg: 404 Client Error: Not Found for url: https://cards.scryfall.io/normal/front/c/1/c1109d26-ab70-4a9a-8a7e-6b2c3a0e3a0e.jpg
2025-06-25 17:26:44,492 - __main__ - INFO - Starting MTG Collection Manager...
2025-06-25 17:26:44,508 - backend.utils.db - INFO - Database initialized successfully
2025-06-25 17:26:44,508 - __main__ - INFO - Initializing card database cache...
2025-06-25 17:26:44,508 - backend.api.scryfall_client - INFO - Created new ScryfallClient singleton instance
2025-06-25 17:26:44,508 - __main__ - INFO - Card database cache ready
2025-06-25 17:26:44,652 - frontend.gui - INFO - Shared ScryfallClient instance created
2025-06-25 17:26:44,666 - backend.utils.image_manager - INFO - ImageManager initialized with cache directory: assets/card_images
2025-06-25 17:26:44,666 - frontend.gui - INFO - Image Manager initialized
2025-06-25 17:26:44,698 - __main__ - INFO - Application startup complete
2025-06-25 17:27:44,400 - backend.api.scryfall_client - INFO - Downloading bulk data from https://data.scryfall.io/default-cards/default-cards-20250625215452.json
2025-06-25 17:27:51,236 - backend.api.scryfall_client - INFO - Bulk data saved to assets/cache\bulk_default_cards.json
2025-06-25 17:27:51,236 - backend.api.scryfall_client - INFO - Parsing bulk data file: assets/cache\bulk_default_cards.json
2025-06-25 17:27:57,331 - backend.api.scryfall_client - INFO - Processing 107758 cards...
2025-06-25 17:28:38,990 - backend.api.scryfall_client - INFO - Saved 285110 cards to cache
2025-06-25 17:28:38,990 - backend.api.scryfall_client - INFO - Successfully processed 107758 cards
2025-06-25 17:29:03,690 - frontend.gui - INFO - Manually refreshing card image
2025-06-25 17:29:12,410 - backend.data.inventory - INFO - Creating new card: Avenger of Zendikar (2xm)
2025-06-25 17:29:12,410 - backend.data.inventory - INFO - Created new card with ID: 1
2025-06-25 17:29:12,426 - backend.data.inventory - INFO - Added 1x Avenger of Zendikar to inventory
2025-06-25 17:29:27,506 - __main__ - INFO - Starting MTG Collection Manager...
2025-06-25 17:29:27,506 - backend.utils.db - INFO - Database initialized successfully
2025-06-25 17:29:27,506 - __main__ - INFO - Initializing card database cache...
2025-06-25 17:30:01,965 - backend.api.scryfall_client - INFO - Loaded 285110 cards from cache
2025-06-25 17:30:01,965 - backend.api.scryfall_client - INFO - Created new ScryfallClient singleton instance
2025-06-25 17:30:01,965 - __main__ - INFO - Card database cache ready
2025-06-25 17:30:02,150 - frontend.gui - INFO - Shared ScryfallClient instance created
2025-06-25 17:30:02,182 - backend.utils.image_manager - INFO - ImageManager initialized with cache directory: assets/card_images
2025-06-25 17:30:02,182 - frontend.gui - INFO - Image Manager initialized
2025-06-25 17:30:02,261 - __main__ - INFO - Application startup complete
2025-06-25 17:35:35,654 - __main__ - INFO - Starting MTG Collection Manager...
2025-06-25 17:35:35,656 - backend.utils.db - INFO - Database initialized successfully
2025-06-25 17:35:35,656 - __main__ - INFO - Initializing card database cache...
2025-06-25 17:36:05,512 - backend.api.scryfall_client - INFO - Loaded 285110 cards from cache
2025-06-25 17:36:05,512 - backend.api.scryfall_client - INFO - Created new ScryfallClient singleton instance
2025-06-25 17:36:05,512 - __main__ - INFO - Card database cache ready
2025-06-25 17:36:05,666 - frontend.gui - INFO - Shared ScryfallClient instance created
2025-06-25 17:36:05,702 - backend.utils.image_manager - INFO - ImageManager initialized with cache directory: assets/card_images
2025-06-25 17:36:05,702 - frontend.gui - INFO - Image Manager initialized
2025-06-25 17:36:05,765 - __main__ - INFO - Application startup complete
2025-06-25 17:39:45,222 - __main__ - INFO - Starting MTG Collection Manager...
2025-06-25 17:39:45,222 - backend.utils.db - INFO - Database initialized successfully
2025-06-25 17:39:45,222 - __main__ - INFO - Initializing card database cache...
2025-06-25 17:40:13,940 - backend.api.scryfall_client - INFO - Loaded 285110 cards from cache
2025-06-25 17:40:13,940 - backend.api.scryfall_client - INFO - Created new ScryfallClient singleton instance
2025-06-25 17:40:13,940 - __main__ - INFO - Card database cache ready
2025-06-25 17:40:14,099 - frontend.gui - INFO - Shared ScryfallClient instance created
2025-06-25 17:40:14,131 - backend.utils.image_manager - INFO - ImageManager initialized with cache directory: assets/card_images
2025-06-25 17:40:14,131 - frontend.gui - INFO - Image Manager initialized
2025-06-25 17:40:14,211 - __main__ - INFO - Application startup complete
2025-06-25 17:40:33,601 - backend.data.inventory - INFO - Creating new card: Liliana of the Dark Realms (sld)
2025-06-25 17:40:33,601 - backend.data.inventory - INFO - Created new card with ID: 2
2025-06-25 17:40:33,616 - backend.data.inventory - INFO - Added 1x Liliana of the Dark Realms to inventory
2025-06-25 17:41:14,000 - backend.decks.deck_builder - INFO - Added 1x Avenger of Zendikar to deck
2025-06-25 17:41:14,027 - frontend.gui - INFO - Card added to deck successfully
2025-06-25 17:41:29,885 - backend.decks.deck_builder - INFO - Added 1x Liliana of the Dark Realms to deck
2025-06-25 17:41:29,898 - frontend.gui - INFO - Card added to deck successfully
2025-06-25 17:41:51,924 - backend.decks.deck_builder - INFO - Updated deck card 1
2025-06-25 17:41:51,940 - frontend.gui - INFO - Card moved between sections successfully
2025-06-25 17:41:59,559 - backend.decks.deck_builder - INFO - Updated deck card 1
2025-06-25 17:41:59,574 - frontend.gui - INFO - Card moved between sections successfully
2025-06-25 17:42:06,415 - backend.decks.deck_builder - INFO - Updated deck card 1
2025-06-25 17:42:06,431 - frontend.gui - INFO - Card moved between sections successfully
2025-06-25 17:42:38,122 - backend.data.inventory - INFO - Added 1x Avenger of Zendikar to inventory
